Info: Starting: Create block symbol file (.bsf)
Info: ip-generate --project-directory=C:/Users/ecalfonso/Documents/EEC181/CameraClean/ --output-directory=C:/Users/ecalfonso/Documents/EEC181/CameraClean/mysystem/ --report-file=bsf:C:/Users/ecalfonso/Documents/EEC181/CameraClean/mysystem.bsf --system-info=DEVICE_FAMILY="Cyclone V" --system-info=DEVICE=5CSEMA5F31C6 --system-info=DEVICE_SPEEDGRADE=6 --component-file=C:/Users/ecalfonso/Documents/EEC181/CameraClean/mysystem.qsys
Progress: Loading CameraClean/mysystem.qsys
Progress: Reading input file
Progress: Adding system_pll_0 [altera_pll 13.1]
Progress: Parameterizing module system_pll_0
Progress: Adding hps_0 [altera_hps 13.1]
Progress: Parameterizing module hps_0
Progress: Adding onchip_memory2_0 [altera_avalon_onchip_memory2 13.1]
Progress: Parameterizing module onchip_memory2_0
Progress: Adding startSignal1b [altera_avalon_pio 13.1]
Progress: Parameterizing module startSignal1b
Progress: Adding jtag_uart_0 [altera_avalon_jtag_uart 13.1]
Progress: Parameterizing module jtag_uart_0
Progress: Adding sys_sdram_pll_0 [altera_up_avalon_sys_sdram_pll 13.1]
Progress: Parameterizing module sys_sdram_pll_0
Progress: Adding data_in32b [altera_avalon_pio 13.1]
Progress: Parameterizing module data_in32b
Progress: Adding data_out32b [altera_avalon_pio 13.1]
Progress: Parameterizing module data_out32b
Progress: Adding VGAMuxSelect1b [altera_avalon_pio 13.1]
Progress: Parameterizing module VGAMuxSelect1b
Progress: Adding RAWMuxSelect1b [altera_avalon_pio 13.1]
Progress: Parameterizing module RAWMuxSelect1b
Progress: Adding HPS_CLK1b [altera_avalon_pio 13.1]
Progress: Parameterizing module HPS_CLK1b
Progress: Adding General_in [altera_avalon_pio 13.1]
Progress: Parameterizing module General_in
Progress: Adding General_out [altera_avalon_pio 13.1]
Progress: Parameterizing module General_out
Progress: Adding General_in_0 [altera_avalon_pio 13.1]
Progress: Parameterizing module General_in_0
Progress: Adding General_out_0 [altera_avalon_pio 13.1]
Progress: Parameterizing module General_out_0
Progress: Building connections
Progress: Parameterizing connections
Progress: Validating
Progress: Done reading input file
Info: mysystem.system_pll_0: The legal reference clock frequency is 5.0 MHz..800.0 MHz
Info: mysystem.system_pll_0: Able to implement PLL with user settings
Info: ip-generate succeeded.
Info: Finished: Create block symbol file (.bsf)
Info: 
Info: Starting: Create HDL design files for synthesis
Info: ip-generate --project-directory=C:/Users/ecalfonso/Documents/EEC181/CameraClean/ --output-directory=C:/Users/ecalfonso/Documents/EEC181/CameraClean/mysystem/synthesis/ --file-set=QUARTUS_SYNTH --report-file=html:C:/Users/ecalfonso/Documents/EEC181/CameraClean/mysystem.html --report-file=sopcinfo:C:/Users/ecalfonso/Documents/EEC181/CameraClean/mysystem.sopcinfo --report-file=cmp:C:/Users/ecalfonso/Documents/EEC181/CameraClean/mysystem.cmp --report-file=qip:C:/Users/ecalfonso/Documents/EEC181/CameraClean/mysystem/synthesis/mysystem.qip --report-file=svd --report-file=regmap:C:/Users/ecalfonso/Documents/EEC181/CameraClean/mysystem/synthesis/mysystem.regmap --report-file=debuginfo:C:/Users/ecalfonso/Documents/EEC181/CameraClean/mysystem/synthesis/mysystem.debuginfo --system-info=DEVICE_FAMILY="Cyclone V" --system-info=DEVICE=5CSEMA5F31C6 --system-info=DEVICE_SPEEDGRADE=6 --component-file=C:/Users/ecalfonso/Documents/EEC181/CameraClean/mysystem.qsys --language=VERILOG
Progress: Loading CameraClean/mysystem.qsys
Progress: Reading input file
Progress: Adding system_pll_0 [altera_pll 13.1]
Progress: Parameterizing module system_pll_0
Progress: Adding hps_0 [altera_hps 13.1]
Progress: Parameterizing module hps_0
Progress: Adding onchip_memory2_0 [altera_avalon_onchip_memory2 13.1]
Progress: Parameterizing module onchip_memory2_0
Progress: Adding startSignal1b [altera_avalon_pio 13.1]
Progress: Parameterizing module startSignal1b
Progress: Adding jtag_uart_0 [altera_avalon_jtag_uart 13.1]
Progress: Parameterizing module jtag_uart_0
Progress: Adding sys_sdram_pll_0 [altera_up_avalon_sys_sdram_pll 13.1]
Progress: Parameterizing module sys_sdram_pll_0
Progress: Adding data_in32b [altera_avalon_pio 13.1]
Progress: Parameterizing module data_in32b
Progress: Adding data_out32b [altera_avalon_pio 13.1]
Progress: Parameterizing module data_out32b
Progress: Adding VGAMuxSelect1b [altera_avalon_pio 13.1]
Progress: Parameterizing module VGAMuxSelect1b
Progress: Adding RAWMuxSelect1b [altera_avalon_pio 13.1]
Progress: Parameterizing module RAWMuxSelect1b
Progress: Adding HPS_CLK1b [altera_avalon_pio 13.1]
Progress: Parameterizing module HPS_CLK1b
Progress: Adding General_in [altera_avalon_pio 13.1]
Progress: Parameterizing module General_in
Progress: Adding General_out [altera_avalon_pio 13.1]
Progress: Parameterizing module General_out
Progress: Adding General_in_0 [altera_avalon_pio 13.1]
Progress: Parameterizing module General_in_0
Progress: Adding General_out_0 [altera_avalon_pio 13.1]
Progress: Parameterizing module General_out_0
Progress: Building connections
Progress: Parameterizing connections
Progress: Validating
Progress: Done reading input file
Info: mysystem.system_pll_0: The legal reference clock frequency is 5.0 MHz..800.0 MHz
Info: mysystem.system_pll_0: Able to implement PLL with user settings
Info: mysystem: Generating mysystem "mysystem" for QUARTUS_SYNTH
Info: pipeline_bridge_swap_transform: After transform: 15 modules, 49 connections
Info: No custom instruction connections, skipping transform 
Info: merlin_initial_interconnect_transform: After transform: 13 modules, 39 connections
Info: merlin_translator_transform: After transform: 24 modules, 77 connections
Info: merlin_domain_transform: After transform: 59 modules, 262 connections
Info: merlin_router_transform: After transform: 72 modules, 306 connections
Info: merlin_traffic_limiter_transform: After transform: 74 modules, 314 connections
Info: merlin_burst_transform: After transform: 85 modules, 352 connections
Info: merlin_network_to_switch_transform: After transform: 110 modules, 427 connections
Info: limiter_update_transform: After transform: 110 modules, 429 connections
Info: merlin_clock_and_reset_bridge_transform: After transform: 114 modules, 541 connections
Info: merlin_hierarchy_transform: After transform: 16 modules, 55 connections
Info: merlin_initial_interconnect_transform: After transform: 3 modules, 5 connections
Info: merlin_translator_transform: After transform: 4 modules, 9 connections
Info: merlin_domain_transform: After transform: 9 modules, 38 connections
Info: merlin_router_transform: After transform: 12 modules, 48 connections
Info: merlin_burst_transform: After transform: 13 modules, 52 connections
Info: merlin_network_to_switch_transform: After transform: 18 modules, 63 connections
Info: merlin_width_transform: After transform: 20 modules, 71 connections
Info: merlin_clock_and_reset_bridge_transform: After transform: 23 modules, 92 connections
Info: merlin_hierarchy_transform: After transform: 17 modules, 60 connections
Info: merlin_mm_transform: After transform: 17 modules, 60 connections
Warning: hps_0.f2h_irq0: Cannot connect clock for irq_mapper.sender
Warning: hps_0.f2h_irq0: Cannot connect reset for irq_mapper.sender
Warning: hps_0.f2h_irq1: Cannot connect clock for irq_mapper_001.sender
Warning: hps_0.f2h_irq1: Cannot connect reset for irq_mapper_001.sender
Info: merlin_interrupt_mapper_transform: After transform: 19 modules, 62 connections
Info: reset_adaptation_transform: After transform: 23 modules, 69 connections
Info: system_pll_0: "mysystem" instantiated altera_pll "system_pll_0"
Info: hps_0: "Doing Pretransform for module: hps_0"
Info: pipeline_bridge_swap_transform: After transform: 2 modules, 0 connections
Info: No custom instruction connections, skipping transform 
Info: hps_0: "mysystem" instantiated altera_hps "hps_0"
Info: onchip_memory2_0: Starting RTL generation for module 'mysystem_onchip_memory2_0'
Info: onchip_memory2_0:   Generation command is [exec C:/altera/13.1/quartus/bin/perl/bin/perl.exe -I C:/altera/13.1/quartus/bin/perl/lib -I C:/altera/13.1/quartus/sopc_builder/bin/europa -I C:/altera/13.1/quartus/sopc_builder/bin/perl_lib -I C:/altera/13.1/quartus/sopc_builder/bin -I C:/altera/13.1/quartus/../ip/altera/sopc_builder_ip/common -I C:/altera/13.1/quartus/../ip/altera/sopc_builder_ip/altera_avalon_onchip_memory2 -- C:/altera/13.1/quartus/../ip/altera/sopc_builder_ip/altera_avalon_onchip_memory2/generate_rtl.pl --name=mysystem_onchip_memory2_0 --dir=C:/Users/ECALFO~1/AppData/Local/Temp/alt6504_5907713280175233848.dir/0035_onchip_memory2_0_gen/ --quartus_dir=C:/altera/13.1/quartus --verilog --config=C:/Users/ECALFO~1/AppData/Local/Temp/alt6504_5907713280175233848.dir/0035_onchip_memory2_0_gen//mysystem_onchip_memory2_0_component_configuration.pl  --do_build_sim=0  ]
Info: onchip_memory2_0: Done RTL generation for module 'mysystem_onchip_memory2_0'
Info: onchip_memory2_0: "mysystem" instantiated altera_avalon_onchip_memory2 "onchip_memory2_0"
Info: startSignal1b: Starting RTL generation for module 'mysystem_startSignal1b'
Info: startSignal1b:   Generation command is [exec C:/altera/13.1/quartus/bin/perl/bin/perl.exe -I C:/altera/13.1/quartus/bin/perl/lib -I C:/altera/13.1/quartus/sopc_builder/bin/europa -I C:/altera/13.1/quartus/sopc_builder/bin/perl_lib -I C:/altera/13.1/quartus/sopc_builder/bin -I C:/altera/13.1/quartus/../ip/altera/sopc_builder_ip/common -I C:/altera/13.1/quartus/../ip/altera/sopc_builder_ip/altera_avalon_pio -- C:/altera/13.1/quartus/../ip/altera/sopc_builder_ip/altera_avalon_pio/generate_rtl.pl --name=mysystem_startSignal1b --dir=C:/Users/ECALFO~1/AppData/Local/Temp/alt6504_5907713280175233848.dir/0036_startSignal1b_gen/ --quartus_dir=C:/altera/13.1/quartus --verilog --config=C:/Users/ECALFO~1/AppData/Local/Temp/alt6504_5907713280175233848.dir/0036_startSignal1b_gen//mysystem_startSignal1b_component_configuration.pl  --do_build_sim=0  ]
Info: startSignal1b: Done RTL generation for module 'mysystem_startSignal1b'
Info: startSignal1b: "mysystem" instantiated altera_avalon_pio "startSignal1b"
Info: jtag_uart_0: Starting RTL generation for module 'mysystem_jtag_uart_0'
Info: jtag_uart_0:   Generation command is [exec C:/altera/13.1/quartus/bin/perl/bin/perl.exe -I C:/altera/13.1/quartus/bin/perl/lib -I C:/altera/13.1/quartus/sopc_builder/bin/europa -I C:/altera/13.1/quartus/sopc_builder/bin/perl_lib -I C:/altera/13.1/quartus/sopc_builder/bin -I C:/altera/13.1/quartus/../ip/altera/sopc_builder_ip/common -I C:/altera/13.1/quartus/../ip/altera/sopc_builder_ip/altera_avalon_jtag_uart -- C:/altera/13.1/quartus/../ip/altera/sopc_builder_ip/altera_avalon_jtag_uart/generate_rtl.pl --name=mysystem_jtag_uart_0 --dir=C:/Users/ECALFO~1/AppData/Local/Temp/alt6504_5907713280175233848.dir/0037_jtag_uart_0_gen/ --quartus_dir=C:/altera/13.1/quartus --verilog --config=C:/Users/ECALFO~1/AppData/Local/Temp/alt6504_5907713280175233848.dir/0037_jtag_uart_0_gen//mysystem_jtag_uart_0_component_configuration.pl  --do_build_sim=0  ]
Info: jtag_uart_0: Done RTL generation for module 'mysystem_jtag_uart_0'
Info: jtag_uart_0: "mysystem" instantiated altera_avalon_jtag_uart "jtag_uart_0"
Info: pipeline_bridge_swap_transform: After transform: 2 modules, 1 connections
Info: No custom instruction connections, skipping transform 
Info: sys_sdram_pll_0: "mysystem" instantiated altera_up_avalon_sys_sdram_pll "sys_sdram_pll_0"
Info: data_in32b: Starting RTL generation for module 'mysystem_data_in32b'
Info: data_in32b:   Generation command is [exec C:/altera/13.1/quartus/bin/perl/bin/perl.exe -I C:/altera/13.1/quartus/bin/perl/lib -I C:/altera/13.1/quartus/sopc_builder/bin/europa -I C:/altera/13.1/quartus/sopc_builder/bin/perl_lib -I C:/altera/13.1/quartus/sopc_builder/bin -I C:/altera/13.1/quartus/../ip/altera/sopc_builder_ip/common -I C:/altera/13.1/quartus/../ip/altera/sopc_builder_ip/altera_avalon_pio -- C:/altera/13.1/quartus/../ip/altera/sopc_builder_ip/altera_avalon_pio/generate_rtl.pl --name=mysystem_data_in32b --dir=C:/Users/ECALFO~1/AppData/Local/Temp/alt6504_5907713280175233848.dir/0038_data_in32b_gen/ --quartus_dir=C:/altera/13.1/quartus --verilog --config=C:/Users/ECALFO~1/AppData/Local/Temp/alt6504_5907713280175233848.dir/0038_data_in32b_gen//mysystem_data_in32b_component_configuration.pl  --do_build_sim=0  ]
Info: data_in32b: Done RTL generation for module 'mysystem_data_in32b'
Info: data_in32b: "mysystem" instantiated altera_avalon_pio "data_in32b"
Info: data_out32b: Starting RTL generation for module 'mysystem_data_out32b'
Info: data_out32b:   Generation command is [exec C:/altera/13.1/quartus/bin/perl/bin/perl.exe -I C:/altera/13.1/quartus/bin/perl/lib -I C:/altera/13.1/quartus/sopc_builder/bin/europa -I C:/altera/13.1/quartus/sopc_builder/bin/perl_lib -I C:/altera/13.1/quartus/sopc_builder/bin -I C:/altera/13.1/quartus/../ip/altera/sopc_builder_ip/common -I C:/altera/13.1/quartus/../ip/altera/sopc_builder_ip/altera_avalon_pio -- C:/altera/13.1/quartus/../ip/altera/sopc_builder_ip/altera_avalon_pio/generate_rtl.pl --name=mysystem_data_out32b --dir=C:/Users/ECALFO~1/AppData/Local/Temp/alt6504_5907713280175233848.dir/0039_data_out32b_gen/ --quartus_dir=C:/altera/13.1/quartus --verilog --config=C:/Users/ECALFO~1/AppData/Local/Temp/alt6504_5907713280175233848.dir/0039_data_out32b_gen//mysystem_data_out32b_component_configuration.pl  --do_build_sim=0  ]
Info: data_out32b: Done RTL generation for module 'mysystem_data_out32b'
Info: data_out32b: "mysystem" instantiated altera_avalon_pio "data_out32b"
Info: VGAMuxSelect1b: Starting RTL generation for module 'mysystem_VGAMuxSelect1b'
Info: VGAMuxSelect1b:   Generation command is [exec C:/altera/13.1/quartus/bin/perl/bin/perl.exe -I C:/altera/13.1/quartus/bin/perl/lib -I C:/altera/13.1/quartus/sopc_builder/bin/europa -I C:/altera/13.1/quartus/sopc_builder/bin/perl_lib -I C:/altera/13.1/quartus/sopc_builder/bin -I C:/altera/13.1/quartus/../ip/altera/sopc_builder_ip/common -I C:/altera/13.1/quartus/../ip/altera/sopc_builder_ip/altera_avalon_pio -- C:/altera/13.1/quartus/../ip/altera/sopc_builder_ip/altera_avalon_pio/generate_rtl.pl --name=mysystem_VGAMuxSelect1b --dir=C:/Users/ECALFO~1/AppData/Local/Temp/alt6504_5907713280175233848.dir/0040_VGAMuxSelect1b_gen/ --quartus_dir=C:/altera/13.1/quartus --verilog --config=C:/Users/ECALFO~1/AppData/Local/Temp/alt6504_5907713280175233848.dir/0040_VGAMuxSelect1b_gen//mysystem_VGAMuxSelect1b_component_configuration.pl  --do_build_sim=0  ]
Info: VGAMuxSelect1b: Done RTL generation for module 'mysystem_VGAMuxSelect1b'
Info: VGAMuxSelect1b: "mysystem" instantiated altera_avalon_pio "VGAMuxSelect1b"
Info: pipeline_bridge_swap_transform: After transform: 101 modules, 352 connections
Info: No custom instruction connections, skipping transform 
Info: merlin_initial_interconnect_transform: After transform: 0 modules, 0 connections
Info: No Avalon connections, skipping transform 
Info: merlin_hierarchy_transform: After transform: 101 modules, 352 connections
Info: merlin_initial_interconnect_transform: After transform: 0 modules, 0 connections
Info: No Avalon connections, skipping transform 
Info: merlin_hierarchy_transform: After transform: 101 modules, 352 connections
Info: merlin_initial_interconnect_transform: After transform: 0 modules, 0 connections
Info: No Avalon connections, skipping transform 
Info: merlin_hierarchy_transform: After transform: 101 modules, 352 connections
Info: merlin_initial_interconnect_transform: After transform: 0 modules, 0 connections
Info: No Avalon connections, skipping transform 
Info: merlin_hierarchy_transform: After transform: 101 modules, 352 connections
Info: merlin_initial_interconnect_transform: After transform: 0 modules, 0 connections
Info: No Avalon connections, skipping transform 
Info: merlin_hierarchy_transform: After transform: 101 modules, 352 connections
Info: merlin_initial_interconnect_transform: After transform: 0 modules, 0 connections
Info: No Avalon connections, skipping transform 
Info: merlin_hierarchy_transform: After transform: 101 modules, 352 connections
Info: merlin_initial_interconnect_transform: After transform: 0 modules, 0 connections
Info: No Avalon connections, skipping transform 
Info: merlin_hierarchy_transform: After transform: 101 modules, 352 connections
Info: merlin_initial_interconnect_transform: After transform: 0 modules, 0 connections
Info: No Avalon connections, skipping transform 
Info: merlin_hierarchy_transform: After transform: 101 modules, 352 connections
Info: merlin_initial_interconnect_transform: After transform: 0 modules, 0 connections
Info: No Avalon connections, skipping transform 
Info: merlin_hierarchy_transform: After transform: 101 modules, 352 connections
Info: merlin_initial_interconnect_transform: After transform: 0 modules, 0 connections
Info: No Avalon connections, skipping transform 
Info: merlin_hierarchy_transform: After transform: 101 modules, 352 connections
Info: merlin_initial_interconnect_transform: After transform: 0 modules, 0 connections
Info: No Avalon connections, skipping transform 
Info: merlin_hierarchy_transform: After transform: 101 modules, 352 connections
Info: mm_interconnect_0: "mysystem" instantiated altera_merlin_interconnect_wrapper "mm_interconnect_0"
Info: pipeline_bridge_swap_transform: After transform: 20 modules, 57 connections
Info: No custom instruction connections, skipping transform 
Info: merlin_initial_interconnect_transform: After transform: 0 modules, 0 connections
Info: No Avalon connections, skipping transform 
Info: merlin_hierarchy_transform: After transform: 20 modules, 57 connections
Info: mm_interconnect_1: "mysystem" instantiated altera_merlin_interconnect_wrapper "mm_interconnect_1"
Info: irq_mapper: "mysystem" instantiated altera_irq_mapper "irq_mapper"
Info: irq_mapper_001: "mysystem" instantiated altera_irq_mapper "irq_mapper_001"
Info: rst_controller: "mysystem" instantiated altera_reset_controller "rst_controller"
Info: fpga_interfaces: "hps_0" instantiated altera_interface_generator "fpga_interfaces"
Info: pipeline_bridge_swap_transform: After transform: 1 modules, 0 connections
Info: No custom instruction connections, skipping transform 
Info: hps_io: "hps_0" instantiated altera_hps_io "hps_io"
Info: sys_pll: "sys_sdram_pll_0" instantiated altera_pll "sys_pll"
Info: reset_from_locked: "sys_sdram_pll_0" instantiated altera_up_avalon_reset_from_locked_signal "reset_from_locked"
Info: startSignal1b_s1_translator: "mm_interconnect_0" instantiated altera_merlin_slave_translator "startSignal1b_s1_translator"
Info: hps_0_h2f_lw_axi_master_agent: "mm_interconnect_0" instantiated altera_merlin_axi_master_ni "hps_0_h2f_lw_axi_master_agent"
Info: startSignal1b_s1_translator_avalon_universal_slave_0_agent: "mm_interconnect_0" instantiated altera_merlin_slave_agent "startSignal1b_s1_translator_avalon_universal_slave_0_agent"
Info: startSignal1b_s1_translator_avalon_universal_slave_0_agent_rsp_fifo: "mm_interconnect_0" instantiated altera_avalon_sc_fifo "startSignal1b_s1_translator_avalon_universal_slave_0_agent_rsp_fifo"
Info: addr_router: "mm_interconnect_0" instantiated altera_merlin_router "addr_router"
Info: id_router: "mm_interconnect_0" instantiated altera_merlin_router "id_router"
Info: limiter: "mm_interconnect_0" instantiated altera_merlin_traffic_limiter "limiter"
Info: Reusing file C:/Users/ecalfonso/Documents/EEC181/CameraClean/mysystem/synthesis/submodules/altera_avalon_sc_fifo.v
Info: burst_adapter: "mm_interconnect_0" instantiated altera_merlin_burst_adapter "burst_adapter"
Info: Reusing file C:/Users/ecalfonso/Documents/EEC181/CameraClean/mysystem/synthesis/submodules/altera_merlin_address_alignment.sv
Info: cmd_xbar_demux: "mm_interconnect_0" instantiated altera_merlin_demultiplexer "cmd_xbar_demux"
Info: cmd_xbar_mux: "mm_interconnect_0" instantiated altera_merlin_multiplexer "cmd_xbar_mux"
Info: rsp_xbar_demux: "mm_interconnect_0" instantiated altera_merlin_demultiplexer "rsp_xbar_demux"
Info: rsp_xbar_mux: "mm_interconnect_0" instantiated altera_merlin_multiplexer "rsp_xbar_mux"
Info: Reusing file C:/Users/ecalfonso/Documents/EEC181/CameraClean/mysystem/synthesis/submodules/altera_merlin_arbitrator.sv
Info: addr_router: "mm_interconnect_1" instantiated altera_merlin_router "addr_router"
Info: id_router: "mm_interconnect_1" instantiated altera_merlin_router "id_router"
Info: cmd_xbar_demux: "mm_interconnect_1" instantiated altera_merlin_demultiplexer "cmd_xbar_demux"
Info: cmd_xbar_mux: "mm_interconnect_1" instantiated altera_merlin_multiplexer "cmd_xbar_mux"
Info: Reusing file C:/Users/ecalfonso/Documents/EEC181/CameraClean/mysystem/synthesis/submodules/altera_merlin_arbitrator.sv
Info: rsp_xbar_demux: "mm_interconnect_1" instantiated altera_merlin_demultiplexer "rsp_xbar_demux"
Info: rsp_xbar_mux: "mm_interconnect_1" instantiated altera_merlin_multiplexer "rsp_xbar_mux"
Info: Reusing file C:/Users/ecalfonso/Documents/EEC181/CameraClean/mysystem/synthesis/submodules/altera_merlin_arbitrator.sv
Info: width_adapter: "mm_interconnect_1" instantiated altera_merlin_width_adapter "width_adapter"
Info: Reusing file C:/Users/ecalfonso/Documents/EEC181/CameraClean/mysystem/synthesis/submodules/altera_merlin_address_alignment.sv
Info: Reusing file C:/Users/ecalfonso/Documents/EEC181/CameraClean/mysystem/synthesis/submodules/altera_merlin_burst_uncompressor.sv
Info: border: "hps_io" instantiated altera_interface_generator "border"
Info: mysystem: Done "mysystem" with 39 modules, 89 files, 2582312 bytes
Info: ip-generate succeeded.
Info: Finished: Create HDL design files for synthesis
